2026-02-20 13:46:38,703 [ERROR] open_webui_client.py:28 get_settings() - Error: config.json not found.
2026-02-20 13:46:38,704 [ERROR] open_webui_client.py:28 get_settings() - Error: config.json not found.
2026-02-20 13:46:38,719 [INFO] _internal.py:225 _log() -  * Running on http://127.0.0.1:5000/ (Press CTRL+C to quit)
2026-02-20 13:46:43,940 [INFO] main.py:69 upload() - Filepath: uploads\20260220-Senior_Software_Developer.html 
2026-02-20 13:46:43,949 [ERROR] open_webui_client.py:241 get_folders() - An error occurred during the request: Invalid URL '/api/v1/folders/': No schema supplied. Perhaps you meant http:///api/v1/folders/?
2026-02-20 13:46:43,950 [ERROR] open_webui_client.py:90 upload_file() - An error occurred during the request: Invalid URL '/api/v1/files/?process=true&process_in_background=true': No schema supplied. Perhaps you meant http:///api/v1/files/?process=true&process_in_background=true?
2026-02-20 13:46:43,951 [INFO] main.py:74 upload() - API response: None
2026-02-20 13:46:43,951 [ERROR] app.py:1454 log_exception() - Exception on /upload [POST]
Traceback (most recent call last):
  File "e:\Projects\JobAnalyst\myenv\Lib\site-packages\flask\app.py", line 2070, in wsgi_app
    response = self.full_dispatch_request()
  File "e:\Projects\JobAnalyst\myenv\Lib\site-packages\flask\app.py", line 1516, in full_dispatch_request
    return self.finalize_request(rv)
           ~~~~~~~~~~~~~~~~~~~~~^^^^
  File "e:\Projects\JobAnalyst\myenv\Lib\site-packages\flask\app.py", line 1535, in finalize_request
    response = self.make_response(rv)
  File "e:\Projects\JobAnalyst\myenv\Lib\site-packages\flask\app.py", line 1698, in make_response
    raise TypeError(
    ...<3 lines>...
    )
TypeError: The view function for 'upload' did not return a valid response. The function either returned None or ended without a return statement.
2026-02-20 13:46:43,958 [INFO] _internal.py:225 _log() - 127.0.0.1 - - [20/Feb/2026 13:46:43] "[35m[1mPOST /upload HTTP/1.1[0m" 500 -
2026-02-20 13:46:54,845 [INFO] main.py:69 upload() - Filepath: uploads\20260220-Senior_Software_Developer.html 
2026-02-20 13:46:54,848 [ERROR] open_webui_client.py:241 get_folders() - An error occurred during the request: Invalid URL '/api/v1/folders/': No schema supplied. Perhaps you meant http:///api/v1/folders/?
2026-02-20 13:46:54,850 [ERROR] open_webui_client.py:90 upload_file() - An error occurred during the request: Invalid URL '/api/v1/files/?process=true&process_in_background=true': No schema supplied. Perhaps you meant http:///api/v1/files/?process=true&process_in_background=true?
2026-02-20 13:46:54,850 [INFO] main.py:74 upload() - API response: None
2026-02-20 13:46:54,851 [ERROR] app.py:1454 log_exception() - Exception on /upload [POST]
Traceback (most recent call last):
  File "e:\Projects\JobAnalyst\myenv\Lib\site-packages\flask\app.py", line 2070, in wsgi_app
    response = self.full_dispatch_request()
  File "e:\Projects\JobAnalyst\myenv\Lib\site-packages\flask\app.py", line 1516, in full_dispatch_request
    return self.finalize_request(rv)
           ~~~~~~~~~~~~~~~~~~~~~^^^^
  File "e:\Projects\JobAnalyst\myenv\Lib\site-packages\flask\app.py", line 1535, in finalize_request
    response = self.make_response(rv)
  File "e:\Projects\JobAnalyst\myenv\Lib\site-packages\flask\app.py", line 1698, in make_response
    raise TypeError(
    ...<3 lines>...
    )
TypeError: The view function for 'upload' did not return a valid response. The function either returned None or ended without a return statement.
2026-02-20 13:46:54,854 [INFO] _internal.py:225 _log() - 127.0.0.1 - - [20/Feb/2026 13:46:54] "[35m[1mPOST /upload HTTP/1.1[0m" 500 -
2026-02-20 13:47:21,586 [ERROR] open_webui_client.py:28 get_settings() - Error: config.json not found.
2026-02-20 13:47:21,587 [ERROR] open_webui_client.py:28 get_settings() - Error: config.json not found.
2026-02-20 13:47:21,666 [INFO] _internal.py:225 _log() -  * Restarting with stat
2026-02-20 13:47:50,634 [ERROR] open_webui_client.py:28 get_settings() - Error: config.json not found.
2026-02-20 13:47:50,635 [ERROR] open_webui_client.py:28 get_settings() - Error: config.json not found.
2026-02-20 13:47:50,658 [INFO] _internal.py:225 _log() -  * Restarting with stat
2026-02-20 13:48:25,500 [ERROR] open_webui_client.py:28 get_settings() - Error: config.json not found.
2026-02-20 13:48:25,500 [ERROR] open_webui_client.py:28 get_settings() - Error: config.json not found.
2026-02-20 13:48:25,522 [INFO] _internal.py:225 _log() -  * Restarting with stat
2026-02-20 13:49:40,845 [ERROR] open_webui_client.py:28 get_settings() - Error: config.json not found.
2026-02-20 13:49:40,846 [ERROR] open_webui_client.py:28 get_settings() - Error: config.json not found.
2026-02-20 13:49:40,870 [INFO] _internal.py:225 _log() -  * Restarting with stat
